2019/04/30 21:37:49 Receive from Client:  BEGIN 1
2019/04/30 21:37:49 ----------------LOCK-----------------------
2019/04/30 21:37:49 lock information: map[]
2019/04/30 21:37:49 holder information: map[]
2019/04/30 21:37:49 ---------------------------------------
2019/04/30 21:37:51 Receive from Client:  BEGIN 2
2019/04/30 21:37:51 ----------------LOCK-----------------------
2019/04/30 21:37:51 lock information: map[]
2019/04/30 21:37:51 holder information: map[]
2019/04/30 21:37:51 ---------------------------------------
2019/04/30 21:37:53 Receive from Client:  BEGIN 3
2019/04/30 21:37:53 ----------------LOCK-----------------------
2019/04/30 21:37:53 lock information: map[]
2019/04/30 21:37:53 holder information: map[]
2019/04/30 21:37:53 ---------------------------------------
2019/04/30 21:37:56 Receive from Client:  SET A.X 1 1
2019/04/30 21:37:56 ----------------LOCK-----------------------
2019/04/30 21:37:56 lock information: map[X:1]
2019/04/30 21:37:56 holder information: map[X:[1]]
2019/04/30 21:37:56 ---------------------------------------
2019/04/30 21:38:00 Receive from Client:  SET A.Y 2 2
2019/04/30 21:38:00 ----------------LOCK-----------------------
2019/04/30 21:38:00 lock information: map[X:1 Y:1]
2019/04/30 21:38:00 holder information: map[X:[1] Y:[2]]
2019/04/30 21:38:00 ---------------------------------------
2019/04/30 21:38:08 Receive from Client:  SET A.Z 3 3
2019/04/30 21:38:08 ----------------LOCK-----------------------
2019/04/30 21:38:08 lock information: map[Y:1 Z:1 X:1]
2019/04/30 21:38:08 holder information: map[X:[1] Y:[2] Z:[3]]
2019/04/30 21:38:08 ---------------------------------------
2019/04/30 21:38:12 Receive from Client:  SET A.Y 4 3
2019/04/30 21:38:12 waitfor info graph 2 3
2019/04/30 21:38:12 ----------------LOCK-----------------------
2019/04/30 21:38:12 lock information: map[X:1 Y:1 Z:1]
2019/04/30 21:38:12 holder information: map[X:[1] Y:[2] Z:[3]]
2019/04/30 21:38:12 ---------------------------------------
2019/04/30 21:38:22 Receive from Client:  SET A.X 5 2
2019/04/30 21:38:22 waitfor info graph 1 2
2019/04/30 21:38:22 ----------------LOCK-----------------------
2019/04/30 21:38:22 lock information: map[X:1 Y:1 Z:1]
2019/04/30 21:38:22 holder information: map[X:[1] Y:[2] Z:[3]]
2019/04/30 21:38:22 ---------------------------------------
2019/04/30 21:38:27 Receive from Client:  SET A.Z 6 1
2019/04/30 21:38:27 waitfor info graph 3 1
2019/04/30 21:38:27 ----------------LOCK-----------------------
2019/04/30 21:38:27 lock information: map[Z:1 X:1 Y:1]
2019/04/30 21:38:27 holder information: map[X:[1] Y:[2] Z:[3]]
2019/04/30 21:38:27 ---------------------------------------
2019/04/30 21:38:27 receive doAbort 1 Now release Lock!
2019/04/30 21:38:27 buffer has operation: 3 A Y 4
2019/04/30 21:38:27 waitfor info graph 2 3
2019/04/30 21:38:27 buffer has operation: 2 A X 5
2019/04/30 21:38:54 [listenCoordinator] wrong:  EOF
